<?xml version="1.0" encoding="UTF-8"?>
<!-- Generated by org.testng.reporters.JUnitReportReporter -->
<testsuite hostname="LAPTOP-NVFVMJIM" failures="0" tests="1" name="myPackage.OrangeHRM" time="1.518" errors="0" timestamp="2025-10-16T21:12:10 IST" skipped="0">
  <testcase classname="myPackage.OrangeHRM" name="launch" time="1.518"/>
</testsuite> <!-- myPackage.OrangeHRM -->
